{"meta": {"version": "7.2.7", "timestamp": "2023-07-27T13:16:02.689757", "branch_coverage": false, "show_contexts": false}, "files": {"sample.py": {"executed_lines": [1, 2, 3, 4, 5, 6, 7, 8, 9, 10, 11, 12, 48, 49, 50, 51, 52, 53, 54, 55, 56, 57, 58, 59, 62], "summary": {"covered_lines": 16, "num_statements": 16, "percent_covered": 100.0, "percent_covered_display": "100", "missing_lines": 0, "excluded_lines": 9}, "missing_lines": [], "excluded_lines": [3, 4, 5, 6, 7, 8, 9, 10, 11]}}, "totals": {"covered_lines": 16, "num_statements": 16, "percent_covered": 100.0, "percent_covered_display": "100", "missing_lines": 0, "excluded_lines": 9}}